c:\users\11\desktop\git_version_final\engr140_final\tower defense\tower defense\visualc15\obj\glutapp_debug\vc140.pdb
c:\users\11\desktop\git_version_final\engr140_final\tower defense\tower defense\visualc15\obj\glutapp_debug\vc140.idb
c:\users\11\desktop\git_version_final\engr140_final\tower defense\tower defense\visualc15\obj\glutapp_debug\vector2.obj
c:\users\11\desktop\git_version_final\engr140_final\tower defense\tower defense\visualc15\obj\glutapp_debug\tower.obj
c:\users\11\desktop\git_version_final\engr140_final\tower defense\tower defense\visualc15\obj\glutapp_debug\store.obj
c:\users\11\desktop\git_version_final\engr140_final\tower defense\tower defense\visualc15\obj\glutapp_debug\sprite.obj
c:\users\11\desktop\git_version_final\engr140_final\tower defense\tower defense\visualc15\obj\glutapp_debug\rgbimage.obj
c:\users\11\desktop\git_version_final\engr140_final\tower defense\tower defense\visualc15\obj\glutapp_debug\player.obj
c:\users\11\desktop\git_version_final\engr140_final\tower defense\tower defense\visualc15\obj\glutapp_debug\level.obj
c:\users\11\desktop\git_version_final\engr140_final\tower defense\tower defense\visualc15\obj\glutapp_debug\glutapp.obj
c:\users\11\desktop\git_version_final\engr140_final\tower defense\tower defense\visualc15\obj\glutapp_debug\createbutton.obj
c:\users\11\desktop\git_version_final\engr140_final\tower defense\tower defense\visualc15\obj\glutapp_debug\arrowtower.obj
c:\users\11\desktop\git_version_final\engr140_final\tower defense\tower defense\visualc15\obj\glutapp_debug\app_main.obj
c:\users\11\desktop\git_version_final\engr140_final\tower defense\tower defense\visualc15\obj\glutapp_debug\app.obj
c:\users\11\desktop\git_version_final\engr140_final\tower defense\tower defense\visualc15\obj\glutapp_debug\app.nativecodeanalysis.xml
c:\users\11\desktop\git_version_final\engr140_final\tower defense\tower defense\visualc15\obj\glutapp_debug\app_main.nativecodeanalysis.xml
c:\users\11\desktop\git_version_final\engr140_final\tower defense\tower defense\visualc15\obj\glutapp_debug\arrowtower.nativecodeanalysis.xml
c:\users\11\desktop\git_version_final\engr140_final\tower defense\tower defense\visualc15\obj\glutapp_debug\createbutton.nativecodeanalysis.xml
c:\users\11\desktop\git_version_final\engr140_final\tower defense\tower defense\visualc15\obj\glutapp_debug\glutapp.nativecodeanalysis.xml
c:\users\11\desktop\git_version_final\engr140_final\tower defense\tower defense\visualc15\obj\glutapp_debug\level.nativecodeanalysis.xml
c:\users\11\desktop\git_version_final\engr140_final\tower defense\tower defense\visualc15\obj\glutapp_debug\player.nativecodeanalysis.xml
c:\users\11\desktop\git_version_final\engr140_final\tower defense\tower defense\visualc15\obj\glutapp_debug\rgbimage.nativecodeanalysis.xml
c:\users\11\desktop\git_version_final\engr140_final\tower defense\tower defense\visualc15\obj\glutapp_debug\sprite.nativecodeanalysis.xml
c:\users\11\desktop\git_version_final\engr140_final\tower defense\tower defense\visualc15\obj\glutapp_debug\store.nativecodeanalysis.xml
c:\users\11\desktop\git_version_final\engr140_final\tower defense\tower defense\visualc15\obj\glutapp_debug\tower.nativecodeanalysis.xml
c:\users\11\desktop\git_version_final\engr140_final\tower defense\tower defense\visualc15\obj\glutapp_debug\vector2.nativecodeanalysis.xml
c:\users\11\desktop\git_version_final\engr140_final\tower defense\tower defense\visualc15\obj\glutapp_debug\glutapp.tlog\cl.command.1.tlog
c:\users\11\desktop\git_version_final\engr140_final\tower defense\tower defense\visualc15\obj\glutapp_debug\glutapp.tlog\cl.read.1.tlog
c:\users\11\desktop\git_version_final\engr140_final\tower defense\tower defense\visualc15\obj\glutapp_debug\glutapp.tlog\cl.write.1.tlog
