  App.cpp
c:\users\11\desktop\git_version_final\engr140_final\tower defense\tower defense\app.cpp(174): warning C4018: '<': signed/unsigned mismatch
c:\users\11\desktop\git_version_final\engr140_final\tower defense\tower defense\app.cpp(176): warning C4018: '<': signed/unsigned mismatch
c:\users\11\desktop\git_version_final\engr140_final\tower defense\tower defense\app.cpp(421): warning C4018: '<': signed/unsigned mismatch
c:\users\11\desktop\git_version_final\engr140_final\tower defense\tower defense\app.cpp(473): warning C4018: '<': signed/unsigned mismatch
c:\users\11\desktop\git_version_final\engr140_final\tower defense\tower defense\app.cpp(489): warning C4018: '<': signed/unsigned mismatch
  Bullet.cpp
c:\users\11\desktop\git_version_final\engr140_final\tower defense\tower defense\bullet.cpp(35): warning C4018: '<': signed/unsigned mismatch
c:\users\11\desktop\git_version_final\engr140_final\tower defense\tower defense\bullet.cpp(76): warning C4018: '<': signed/unsigned mismatch
  Enemy.cpp
  Level.cpp
c:\users\11\desktop\git_version_final\engr140_final\tower defense\tower defense\level.cpp(61): warning C4018: '<': signed/unsigned mismatch
  PlasmaTower.cpp
  Player.cpp
c:\users\11\desktop\git_version_final\engr140_final\tower defense\tower defense\player.cpp(47): warning C4305: '-=': truncation from 'double' to 'float'
  Sprite.cpp
  Store.cpp
c:\users\11\desktop\git_version_final\engr140_final\tower defense\tower defense\store.cpp(7): warning C4305: 'argument': truncation from 'double' to 'float'
c:\users\11\desktop\git_version_final\engr140_final\tower defense\tower defense\store.cpp(51): warning C4244: 'argument': conversion from 'double' to 'GLfloat', possible loss of data
c:\users\11\desktop\git_version_final\engr140_final\tower defense\tower defense\store.cpp(19): warning C4996: 'strcpy': This function or variable may be unsafe. Consider using strcpy_s instead. To disable deprecation, use _CRT_SECURE_NO_WARNINGS. See online help for details.
  c:\program files (x86)\windows kits\10\include\10.0.10240.0\ucrt\string.h(119): note: see declaration of 'strcpy'
  Tower.cpp
c:\users\11\desktop\git_version_final\engr140_final\tower defense\tower defense\tower.cpp(42): warning C4018: '<': signed/unsigned mismatch
c:\users\11\desktop\git_version_final\engr140_final\tower defense\tower defense\tower.cpp(45): warning C4018: '<': signed/unsigned mismatch
c:\users\11\desktop\git_version_final\engr140_final\tower defense\tower defense\tower.cpp(133): warning C4244: 'argument': conversion from 'double' to 'GLfloat', possible loss of data
c:\users\11\desktop\git_version_final\engr140_final\tower defense\tower defense\tower.cpp(135): warning C4244: 'argument': conversion from 'double' to 'GLfloat', possible loss of data
c:\users\11\desktop\git_version_final\engr140_final\tower defense\tower defense\tower.cpp(179): warning C4018: '<': signed/unsigned mismatch
c:\users\11\desktop\git_version_final\engr140_final\tower defense\tower defense\tower.cpp(195): warning C4018: '<': signed/unsigned mismatch
c:\users\11\desktop\git_version_final\engr140_final\tower defense\tower defense\tower.cpp(220): warning C4018: '<': signed/unsigned mismatch
c:\users\11\desktop\git_version_final\engr140_final\tower defense\tower defense\tower.cpp(267): warning C4018: '<': signed/unsigned mismatch
c:\users\11\desktop\git_version_final\engr140_final\tower defense\tower defense\tower.cpp(269): warning C4018: '<': signed/unsigned mismatch
  Vector2.cpp
c:\users\11\desktop\git_version_final\engr140_final\tower defense\tower defense\vector2.cpp(30): warning C4244: 'argument': conversion from 'double' to 'float', possible loss of data
c:\users\11\desktop\git_version_final\engr140_final\tower defense\tower defense\vector2.cpp(41): warning C4244: '*=': conversion from 'double' to 'float', possible loss of data
c:\users\11\desktop\git_version_final\engr140_final\tower defense\tower defense\vector2.cpp(42): warning C4244: '*=': conversion from 'double' to 'float', possible loss of data
c:\users\11\desktop\git_version_final\engr140_final\tower defense\tower defense\vector2.cpp(60): warning C4244: '=': conversion from 'double' to 'float', possible loss of data
c:\users\11\desktop\git_version_final\engr140_final\tower defense\tower defense\vector2.cpp(61): warning C4244: '=': conversion from 'double' to 'float', possible loss of data
c:\users\11\desktop\git_version_final\engr140_final\tower defense\tower defense\vector2.cpp(67): warning C4244: 'argument': conversion from 'double' to 'float', possible loss of data
c:\users\11\desktop\git_version_final\engr140_final\tower defense\tower defense\vector2.cpp(80): warning C4244: '*=': conversion from 'double' to 'float', possible loss of data
c:\users\11\desktop\git_version_final\engr140_final\tower defense\tower defense\vector2.cpp(81): warning C4244: '*=': conversion from 'double' to 'float', possible loss of data
  Wave.cpp
c:\users\11\desktop\git_version_final\engr140_final\tower defense\tower defense\wave.cpp(60): warning C4018: '<': signed/unsigned mismatch
c:\users\11\desktop\git_version_final\engr140_final\tower defense\tower defense\wave.cpp(126): warning C4018: '<': signed/unsigned mismatch
c:\users\11\desktop\git_version_final\engr140_final\tower defense\tower defense\wave.cpp(167): warning C4018: '<': signed/unsigned mismatch
  WaveManager.cpp
  Generating Code...
c:\users\11\desktop\git_version_final\engr140_final\tower defense\tower defense\tower.cpp(206): warning C4715: 'Tower::ContainsTower': not all control paths return a value
  glutapp.vcxproj -> C:\Users\11\Desktop\GIT_Version_Final\ENGR140_Final\Tower Defense\Tower Defense\visualc15\obj\glutapp_Debug\glutapp.exe
  glutapp.vcxproj -> obj\glutapp_Debug\glutapp.pdb (Full PDB)
